<?xml version="1.0" encoding="UTF-8"?>
<!-- Generated by org.testng.reporters.JUnitXMLReporter -->
<testsuite ignored="0" hostname="DESKTOP-J3QRB0N" failures="0" tests="4" name="Default test" time="0.17" errors="0" timestamp="2022-12-30T13:00:57 IST">
  <testcase classname="com.tourism.xmlpractice.Demo2_DataProvider" name="add" time="0.022"/>
  <testcase classname="com.tourism.xmlpractice.Demo2_DataProvider" name="add" time="0.003"/>
  <testcase classname="com.tourism.xmlpractice.Demo2_DataProvider" name="add" time="0.002"/>
  <testcase classname="com.tourism.xmlpractice.Demo2_DataProvider" name="add" time="0.005"/>
</testsuite> <!-- Default test -->
