<?xml version="1.0" encoding="UTF-8"?>
<!-- Generated by org.testng.reporters.JUnitXMLReporter -->
<testsuite ignored="1" hostname="DESKTOP-J3QRB0N" failures="0" tests="1" name="Test_runner-2" time="98.06" errors="0" timestamp="2023-01-03T11:03:08 IST">
  <testcase classname="com.tourism.zts.modules.TC_001_TestNG_TC_02_03Test" name="manageticket" time="24.4"/>
  <testcase classname="com.tourism.zts.modules.TC_001_TestNG_TC_02_03Test" name="addanimal" time="0.0">
    <ignored/>
  </testcase> <!-- addanimal -->
</testsuite> <!-- Test_runner-2 -->
