<?xml version="1.0" encoding="UTF-8"?>
<testng-results ignored="0" total="4" passed="4" failed="0" skipped="0">
  <reporter-output>
  </reporter-output>
  <suite started-at="2022-12-30T13:00:57 IST" name="Default suite" finished-at="2022-12-30T13:00:57 IST" duration-ms="170">
    <groups>
    </groups>
    <test started-at="2022-12-30T13:00:57 IST" name="Default test" finished-at="2022-12-30T13:00:57 IST" duration-ms="170">
      <class name="com.tourism.xmlpractice.Demo2_DataProvider">
        <test-method signature="add(java.lang.String,double)[pri:0, instance:com.tourism.xmlpractice.Demo2_DataProvider@7d4f9aae]" started-at="2022-12-30T13:00:57 IST" name="add" data-provider="provideData" finished-at="2022-12-30T13:00:57 IST" duration-ms="22" status="PASS">
          <params>
            <param index="0">
              <value>
                <![CDATA[White Tiger]]>
              </value>
            </param>
            <param index="1">
              <value>
                <![CDATA[5000]]>
              </value>
            </param>
          </params>
          <reporter-output>
          </reporter-output>
        </test-method> <!-- add -->
        <test-method signature="add(java.lang.String,double)[pri:0, instance:com.tourism.xmlpractice.Demo2_DataProvider@7d4f9aae]" started-at="2022-12-30T13:00:57 IST" name="add" data-provider="provideData" finished-at="2022-12-30T13:00:57 IST" duration-ms="3" status="PASS">
          <params>
            <param index="0">
              <value>
                <![CDATA[Deer]]>
              </value>
            </param>
            <param index="1">
              <value>
                <![CDATA[1500]]>
              </value>
            </param>
          </params>
          <reporter-output>
          </reporter-output>
        </test-method> <!-- add -->
        <test-method signature="add(java.lang.String,double)[pri:0, instance:com.tourism.xmlpractice.Demo2_DataProvider@7d4f9aae]" started-at="2022-12-30T13:00:57 IST" name="add" data-provider="provideData" finished-at="2022-12-30T13:00:57 IST" duration-ms="2" status="PASS">
          <params>
            <param index="0">
              <value>
                <![CDATA[Cheetah]]>
              </value>
            </param>
            <param index="1">
              <value>
                <![CDATA[2500]]>
              </value>
            </param>
          </params>
          <reporter-output>
          </reporter-output>
        </test-method> <!-- add -->
        <test-method signature="add(java.lang.String,double)[pri:0, instance:com.tourism.xmlpractice.Demo2_DataProvider@7d4f9aae]" started-at="2022-12-30T13:00:57 IST" name="add" data-provider="provideData" finished-at="2022-12-30T13:00:57 IST" duration-ms="5" status="PASS">
          <params>
            <param index="0">
              <value>
                <![CDATA[Lion]]>
              </value>
            </param>
            <param index="1">
              <value>
                <![CDATA[6500]]>
              </value>
            </param>
          </params>
          <reporter-output>
          </reporter-output>
        </test-method> <!-- add -->
      </class> <!-- com.tourism.xmlpractice.Demo2_DataProvider -->
    </test> <!-- Default test -->
  </suite> <!-- Default suite -->
</testng-results>
